<?xml version="1.0" encoding="UTF-8"?>
<!-- Generated by org.testng.reporters.JUnitReportReporter -->
<testsuite hostname="DESKTOP-C8IENHF" failures="0" tests="1" name="brokenLinksAndImages.CheckAllLinks" time="448.065" errors="0" timestamp="2022-07-15T14:25:03 IST" skipped="0">
  <testcase classname="brokenLinksAndImages.CheckAllLinks" name="check" time="448.065"/>
  <system-out/>
</testsuite> <!-- brokenLinksAndImages.CheckAllLinks -->
